<?xml version="1.0" encoding="UTF-8"?>
<!-- Generated by org.testng.reporters.JUnitReportReporter -->
<testsuite hostname="DESKTOP-0HVQAUL" failures="0" tests="1" name="basic_automation.Singletest1" time="9.016" errors="0" timestamp="2022-11-02T08:31:52 IST" skipped="0">
  <testcase classname="basic_automation.Singletest1" name="BusinessLogic_one" time="9.016"/>
  <system-out/>
</testsuite> <!-- basic_automation.Singletest1 -->
